d:\temp\playgroundoss-master\engine\porting\win32\debug\ossgamelibrarywin32.pdb
d:\temp\playgroundoss-master\engine\porting\win32\debug\ossgamelibrarywin32.idb
d:\temp\playgroundoss-master\engine\porting\win32\debug\curvetimeline.obj
d:\temp\playgroundoss-master\engine\porting\win32\debug\constraintdata.obj
d:\temp\playgroundoss-master\engine\porting\win32\debug\colortimeline.obj
d:\temp\playgroundoss-master\engine\porting\win32\debug\clippingattachment.obj
d:\temp\playgroundoss-master\engine\porting\win32\debug\boundingboxattachment.obj
d:\temp\playgroundoss-master\engine\porting\win32\debug\bonedata.obj
d:\temp\playgroundoss-master\engine\porting\win32\debug\bone.obj
d:\temp\playgroundoss-master\engine\porting\win32\debug\attachmenttimeline.obj
d:\temp\playgroundoss-master\engine\porting\win32\debug\attachmentloader.obj
d:\temp\playgroundoss-master\engine\porting\win32\debug\attachment.obj
d:\temp\playgroundoss-master\engine\porting\win32\debug\atlasattachmentloader.obj
d:\temp\playgroundoss-master\engine\porting\win32\debug\atlas.obj
d:\temp\playgroundoss-master\engine\porting\win32\debug\animationstatedata.obj
d:\temp\playgroundoss-master\engine\porting\win32\debug\animationstate.obj
d:\temp\playgroundoss-master\engine\porting\win32\debug\animation.obj
d:\temp\playgroundoss-master\engine\porting\win32\debug\crenderingmanager.obj
d:\temp\playgroundoss-master\engine\porting\win32\debug\cklblualibdebug.obj
d:\temp\playgroundoss-master\engine\porting\win32\debug\itmpfile.obj
d:\temp\playgroundoss-master\engine\porting\win32\debug\cklbgameapplicationdebugmodule.obj
d:\temp\playgroundoss-master\engine\porting\win32\debug\cklbnodevirtualdocument.obj
d:\temp\playgroundoss-master\engine\porting\win32\debug\pointattachment.obj
d:\temp\playgroundoss-master\engine\porting\win32\debug\pathconstraintspacingtimeline.obj
d:\temp\playgroundoss-master\engine\porting\win32\debug\pathconstraintpositiontimeline.obj
d:\temp\playgroundoss-master\engine\porting\win32\debug\pathconstraintmixtimeline.obj
d:\temp\playgroundoss-master\engine\porting\win32\debug\pathconstraintdata.obj
d:\temp\playgroundoss-master\engine\porting\win32\debug\pathconstraint.obj
d:\temp\playgroundoss-master\engine\porting\win32\debug\pathattachment.obj
d:\temp\playgroundoss-master\engine\porting\win32\debug\meshattachment.obj
d:\temp\playgroundoss-master\engine\porting\win32\debug\mathutil.obj
d:\temp\playgroundoss-master\engine\porting\win32\debug\linkedmesh.obj
d:\temp\playgroundoss-master\engine\porting\win32\debug\json.obj
d:\temp\playgroundoss-master\engine\porting\win32\debug\ikconstrainttimeline.obj
d:\temp\playgroundoss-master\engine\porting\win32\debug\ikconstraintdata.obj
d:\temp\playgroundoss-master\engine\porting\win32\debug\ikconstraint.obj
d:\temp\playgroundoss-master\engine\porting\win32\debug\extension.obj
d:\temp\playgroundoss-master\engine\porting\win32\debug\eventtimeline.obj
d:\temp\playgroundoss-master\engine\porting\win32\debug\eventdata.obj
d:\temp\playgroundoss-master\engine\porting\win32\debug\event.obj
d:\temp\playgroundoss-master\engine\porting\win32\debug\drawordertimeline.obj
d:\temp\playgroundoss-master\engine\porting\win32\debug\deformtimeline.obj
d:\temp\playgroundoss-master\engine\porting\win32\debug\transformconstraintdata.obj
d:\temp\playgroundoss-master\engine\porting\win32\debug\transformconstraint.obj
d:\temp\playgroundoss-master\engine\porting\win32\debug\timeline.obj
d:\temp\playgroundoss-master\engine\porting\win32\debug\textureloader.obj
d:\temp\playgroundoss-master\engine\porting\win32\debug\spineobject.obj
d:\temp\playgroundoss-master\engine\porting\win32\debug\spineinterface.obj
d:\temp\playgroundoss-master\engine\porting\win32\debug\slotdata.obj
d:\temp\playgroundoss-master\engine\porting\win32\debug\slot.obj
d:\temp\playgroundoss-master\engine\porting\win32\debug\skin.obj
d:\temp\playgroundoss-master\engine\porting\win32\debug\skeletonjson.obj
d:\temp\playgroundoss-master\engine\porting\win32\debug\skeletondata.obj
d:\temp\playgroundoss-master\engine\porting\win32\debug\skeletonclipping.obj
d:\temp\playgroundoss-master\engine\porting\win32\debug\skeletonbounds.obj
d:\temp\playgroundoss-master\engine\porting\win32\debug\skeletonbinary.obj
d:\temp\playgroundoss-master\engine\porting\win32\debug\skeleton.obj
d:\temp\playgroundoss-master\engine\porting\win32\debug\sheartimeline.obj
d:\temp\playgroundoss-master\engine\porting\win32\debug\scaletimeline.obj
d:\temp\playgroundoss-master\engine\porting\win32\debug\rtti.obj
d:\temp\playgroundoss-master\engine\porting\win32\debug\rotatetimeline.obj
d:\temp\playgroundoss-master\engine\porting\win32\debug\regionattachment.obj
d:\temp\playgroundoss-master\engine\porting\win32\debug\cklbuiswfplayer.obj
d:\temp\playgroundoss-master\engine\porting\win32\debug\cklbuiclip.obj
d:\temp\playgroundoss-master\engine\porting\win32\debug\cklbdrawtask.obj
d:\temp\playgroundoss-master\engine\porting\win32\debug\cklbdebugmenu.obj
d:\temp\playgroundoss-master\engine\porting\win32\debug\vertexeffect.obj
d:\temp\playgroundoss-master\engine\porting\win32\debug\vertexattachment.obj
d:\temp\playgroundoss-master\engine\porting\win32\debug\updatable.obj
d:\temp\playgroundoss-master\engine\porting\win32\debug\twocolortimeline.obj
d:\temp\playgroundoss-master\engine\porting\win32\debug\triangulator.obj
d:\temp\playgroundoss-master\engine\porting\win32\debug\translatetimeline.obj
d:\temp\playgroundoss-master\engine\porting\win32\debug\transformconstrainttimeline.obj
d:\temp\playgroundoss-master\engine\porting\win32\debug\ossgamelibrarywin32.pch
d:\temp\playgroundoss-master\engine\porting\win32\debug\stdafx.obj
d:\temp\playgroundoss-master\engine\porting\win32\debug\curl_ntlm_msgs.obj
d:\temp\playgroundoss-master\engine\porting\win32\debug\curl_ntlm_core.obj
d:\temp\playgroundoss-master\engine\porting\win32\debug\curl_ntlm.obj
d:\temp\playgroundoss-master\engine\porting\win32\debug\curl_multibyte.obj
d:\temp\playgroundoss-master\engine\porting\win32\debug\curl_memrchr.obj
d:\temp\playgroundoss-master\engine\porting\win32\debug\curl_gssapi.obj
d:\temp\playgroundoss-master\engine\porting\win32\debug\curl_gethostname.obj
d:\temp\playgroundoss-master\engine\porting\win32\debug\curl_fnmatch.obj
d:\temp\playgroundoss-master\engine\porting\win32\debug\curl_darwinssl.obj
d:\temp\playgroundoss-master\engine\porting\win32\debug\curl_addrinfo.obj
d:\temp\playgroundoss-master\engine\porting\win32\debug\cookie.obj
d:\temp\playgroundoss-master\engine\porting\win32\debug\content_encoding.obj
d:\temp\playgroundoss-master\engine\porting\win32\debug\connect.obj
d:\temp\playgroundoss-master\engine\porting\win32\debug\conncache.obj
d:\temp\playgroundoss-master\engine\porting\win32\debug\bundles.obj
d:\temp\playgroundoss-master\engine\porting\win32\debug\base64.obj
d:\temp\playgroundoss-master\engine\porting\win32\debug\axtls.obj
d:\temp\playgroundoss-master\engine\porting\win32\debug\asyn-thread.obj
d:\temp\playgroundoss-master\engine\porting\win32\debug\asyn-ares.obj
d:\temp\playgroundoss-master\engine\porting\win32\debug\amigaos.obj
d:\temp\playgroundoss-master\engine\porting\win32\debug\gtls.obj
d:\temp\playgroundoss-master\engine\porting\win32\debug\gopher.obj
d:\temp\playgroundoss-master\engine\porting\win32\debug\getinfo.obj
d:\temp\playgroundoss-master\engine\porting\win32\debug\getenv.obj
d:\temp\playgroundoss-master\engine\porting\win32\debug\ftplistparser.obj
d:\temp\playgroundoss-master\engine\porting\win32\debug\ftp.obj
d:\temp\playgroundoss-master\engine\porting\win32\debug\formdata.obj
d:\temp\playgroundoss-master\engine\porting\win32\debug\fileinfo.obj
d:\temp\playgroundoss-master\engine\porting\win32\debug\file.obj
d:\temp\playgroundoss-master\engine\porting\win32\debug\escape.obj
d:\temp\playgroundoss-master\engine\porting\win32\debug\easy.obj
d:\temp\playgroundoss-master\engine\porting\win32\debug\dict.obj
d:\temp\playgroundoss-master\engine\porting\win32\debug\cyassl.obj
d:\temp\playgroundoss-master\engine\porting\win32\debug\curl_threads.obj
d:\temp\playgroundoss-master\engine\porting\win32\debug\curl_sspi.obj
d:\temp\playgroundoss-master\engine\porting\win32\debug\curl_schannel.obj
d:\temp\playgroundoss-master\engine\porting\win32\debug\curl_sasl.obj
d:\temp\playgroundoss-master\engine\porting\win32\debug\curl_rtmp.obj
d:\temp\playgroundoss-master\engine\porting\win32\debug\curl_rand.obj
d:\temp\playgroundoss-master\engine\porting\win32\debug\curl_ntlm_wb.obj
d:\temp\playgroundoss-master\engine\porting\win32\debug\krb4.obj
d:\temp\playgroundoss-master\engine\porting\win32\debug\inet_pton.obj
d:\temp\playgroundoss-master\engine\porting\win32\debug\inet_ntop.obj
d:\temp\playgroundoss-master\engine\porting\win32\debug\imap.obj
d:\temp\playgroundoss-master\engine\porting\win32\debug\if2ip.obj
d:\temp\playgroundoss-master\engine\porting\win32\debug\idn_win32.obj
d:\temp\playgroundoss-master\engine\porting\win32\debug\http_proxy.obj
d:\temp\playgroundoss-master\engine\porting\win32\debug\http_negotiate_sspi.obj
d:\temp\playgroundoss-master\engine\porting\win32\debug\http_negotiate.obj
d:\temp\playgroundoss-master\engine\porting\win32\debug\http_digest.obj
d:\temp\playgroundoss-master\engine\porting\win32\debug\http_chunks.obj
d:\temp\playgroundoss-master\engine\porting\win32\debug\http.obj
d:\temp\playgroundoss-master\engine\porting\win32\debug\hostsyn.obj
d:\temp\playgroundoss-master\engine\porting\win32\debug\hostip6.obj
d:\temp\playgroundoss-master\engine\porting\win32\debug\hostip4.obj
d:\temp\playgroundoss-master\engine\porting\win32\debug\hostip.obj
d:\temp\playgroundoss-master\engine\porting\win32\debug\hostcheck.obj
d:\temp\playgroundoss-master\engine\porting\win32\debug\hostasyn.obj
d:\temp\playgroundoss-master\engine\porting\win32\debug\hmac.obj
d:\temp\playgroundoss-master\engine\porting\win32\debug\hash.obj
d:\temp\playgroundoss-master\engine\porting\win32\debug\progress.obj
d:\temp\playgroundoss-master\engine\porting\win32\debug\pop3.obj
d:\temp\playgroundoss-master\engine\porting\win32\debug\polarssl.obj
d:\temp\playgroundoss-master\engine\porting\win32\debug\pingpong.obj
d:\temp\playgroundoss-master\engine\porting\win32\debug\parsedate.obj
d:\temp\playgroundoss-master\engine\porting\win32\debug\openldap.obj
d:\temp\playgroundoss-master\engine\porting\win32\debug\nwos.obj
d:\temp\playgroundoss-master\engine\porting\win32\debug\nwlib.obj
d:\temp\playgroundoss-master\engine\porting\win32\debug\nss.obj
d:\temp\playgroundoss-master\engine\porting\win32\debug\nonblock.obj
d:\temp\playgroundoss-master\engine\porting\win32\debug\non-ascii.obj
d:\temp\playgroundoss-master\engine\porting\win32\debug\netrc.obj
d:\temp\playgroundoss-master\engine\porting\win32\debug\multi.obj
d:\temp\playgroundoss-master\engine\porting\win32\debug\mprintf.obj
d:\temp\playgroundoss-master\engine\porting\win32\debug\memdebug.obj
d:\temp\playgroundoss-master\engine\porting\win32\debug\md5.obj
d:\temp\playgroundoss-master\engine\porting\win32\debug\md4.obj
d:\temp\playgroundoss-master\engine\porting\win32\debug\llist.obj
d:\temp\playgroundoss-master\engine\porting\win32\debug\ldap.obj
d:\temp\playgroundoss-master\engine\porting\win32\debug\krb5.obj
d:\temp\playgroundoss-master\engine\porting\win32\debug\strerror.obj
d:\temp\playgroundoss-master\engine\porting\win32\debug\strequal.obj
d:\temp\playgroundoss-master\engine\porting\win32\debug\strdup.obj
d:\temp\playgroundoss-master\engine\porting\win32\debug\ssluse.obj
d:\temp\playgroundoss-master\engine\porting\win32\debug\sslgen.obj
d:\temp\playgroundoss-master\engine\porting\win32\debug\ssh.obj
d:\temp\playgroundoss-master\engine\porting\win32\debug\splay.obj
d:\temp\playgroundoss-master\engine\porting\win32\debug\speedcheck.obj
d:\temp\playgroundoss-master\engine\porting\win32\debug\socks_sspi.obj
d:\temp\playgroundoss-master\engine\porting\win32\debug\socks_gssapi.obj
d:\temp\playgroundoss-master\engine\porting\win32\debug\socks.obj
d:\temp\playgroundoss-master\engine\porting\win32\debug\smtp.obj
d:\temp\playgroundoss-master\engine\porting\win32\debug\slist.obj
d:\temp\playgroundoss-master\engine\porting\win32\debug\share.obj
d:\temp\playgroundoss-master\engine\porting\win32\debug\sendf.obj
d:\temp\playgroundoss-master\engine\porting\win32\debug\select.obj
d:\temp\playgroundoss-master\engine\porting\win32\debug\security.obj
d:\temp\playgroundoss-master\engine\porting\win32\debug\rtsp.obj
d:\temp\playgroundoss-master\engine\porting\win32\debug\rawstr.obj
d:\temp\playgroundoss-master\engine\porting\win32\debug\qssl.obj
d:\temp\playgroundoss-master\engine\porting\win32\debug\tool_convert.obj
d:\temp\playgroundoss-master\engine\porting\win32\debug\tool_cfgable.obj
d:\temp\playgroundoss-master\engine\porting\win32\debug\tool_cb_wrt.obj
d:\temp\playgroundoss-master\engine\porting\win32\debug\tool_cb_see.obj
d:\temp\playgroundoss-master\engine\porting\win32\debug\tool_cb_rea.obj
d:\temp\playgroundoss-master\engine\porting\win32\debug\tool_cb_prg.obj
d:\temp\playgroundoss-master\engine\porting\win32\debug\tool_cb_hdr.obj
d:\temp\playgroundoss-master\engine\porting\win32\debug\tool_cb_dbg.obj
d:\temp\playgroundoss-master\engine\porting\win32\debug\tool_bname.obj
d:\temp\playgroundoss-master\engine\porting\win32\debug\tool_binmode.obj
d:\temp\playgroundoss-master\engine\porting\win32\debug\wildcard.obj
d:\temp\playgroundoss-master\engine\porting\win32\debug\warnless.obj
d:\temp\playgroundoss-master\engine\porting\win32\debug\version.obj
d:\temp\playgroundoss-master\engine\porting\win32\debug\url.obj
d:\temp\playgroundoss-master\engine\porting\win32\debug\transfer.obj
d:\temp\playgroundoss-master\engine\porting\win32\debug\timeval.obj
d:\temp\playgroundoss-master\engine\porting\win32\debug\tftp.obj
d:\temp\playgroundoss-master\engine\porting\win32\debug\telnet.obj
d:\temp\playgroundoss-master\engine\porting\win32\debug\strtoofft.obj
d:\temp\playgroundoss-master\engine\porting\win32\debug\strtok.obj
d:\temp\playgroundoss-master\engine\porting\win32\debug\tool_parsecfg.obj
d:\temp\playgroundoss-master\engine\porting\win32\debug\tool_paramhlp.obj
d:\temp\playgroundoss-master\engine\porting\win32\debug\tool_panykey.obj
d:\temp\playgroundoss-master\engine\porting\win32\debug\tool_operhlp.obj
d:\temp\playgroundoss-master\engine\porting\win32\debug\tool_operate.obj
d:\temp\playgroundoss-master\engine\porting\win32\debug\tool_msgs.obj
d:\temp\playgroundoss-master\engine\porting\win32\debug\tool_mfiles.obj
d:\temp\playgroundoss-master\engine\porting\win32\debug\tool_metalink.obj
d:\temp\playgroundoss-master\engine\porting\win32\debug\tool_main.obj
d:\temp\playgroundoss-master\engine\porting\win32\debug\tool_libinfo.obj
d:\temp\playgroundoss-master\engine\porting\win32\debug\tool_hugehelp.obj
d:\temp\playgroundoss-master\engine\porting\win32\debug\tool_homedir.obj
d:\temp\playgroundoss-master\engine\porting\win32\debug\tool_helpers.obj
d:\temp\playgroundoss-master\engine\porting\win32\debug\tool_help.obj
d:\temp\playgroundoss-master\engine\porting\win32\debug\tool_getpass.obj
d:\temp\playgroundoss-master\engine\porting\win32\debug\tool_getparam.obj
d:\temp\playgroundoss-master\engine\porting\win32\debug\tool_formparse.obj
d:\temp\playgroundoss-master\engine\porting\win32\debug\tool_easysrc.obj
d:\temp\playgroundoss-master\engine\porting\win32\debug\tool_doswin.obj
d:\temp\playgroundoss-master\engine\porting\win32\debug\tool_dirhie.obj
d:\temp\playgroundoss-master\engine\porting\win32\debug\ftotval.obj
d:\temp\playgroundoss-master\engine\porting\win32\debug\ftmm.obj
d:\temp\playgroundoss-master\engine\porting\win32\debug\ftlcdfil.obj
d:\temp\playgroundoss-master\engine\porting\win32\debug\ftinit.obj
d:\temp\playgroundoss-master\engine\porting\win32\debug\ftgxval.obj
d:\temp\playgroundoss-master\engine\porting\win32\debug\ftglyph.obj
d:\temp\playgroundoss-master\engine\porting\win32\debug\ftgasp.obj
d:\temp\playgroundoss-master\engine\porting\win32\debug\ftfstype.obj
d:\temp\playgroundoss-master\engine\porting\win32\debug\ftbitmap.obj
d:\temp\playgroundoss-master\engine\porting\win32\debug\ftbbox.obj
d:\temp\playgroundoss-master\engine\porting\win32\debug\ftbase.obj
d:\temp\playgroundoss-master\engine\porting\win32\debug\autofit.obj
d:\temp\playgroundoss-master\engine\porting\win32\debug\tool_xattr.obj
d:\temp\playgroundoss-master\engine\porting\win32\debug\tool_writeout.obj
d:\temp\playgroundoss-master\engine\porting\win32\debug\tool_writeenv.obj
d:\temp\playgroundoss-master\engine\porting\win32\debug\tool_vms.obj
d:\temp\playgroundoss-master\engine\porting\win32\debug\tool_util.obj
d:\temp\playgroundoss-master\engine\porting\win32\debug\tool_urlglob.obj
d:\temp\playgroundoss-master\engine\porting\win32\debug\tool_sleep.obj
d:\temp\playgroundoss-master\engine\porting\win32\debug\tool_setopt.obj
d:\temp\playgroundoss-master\engine\porting\win32\debug\psmodule.obj
d:\temp\playgroundoss-master\engine\porting\win32\debug\pshinter.obj
d:\temp\playgroundoss-master\engine\porting\win32\debug\psaux.obj
d:\temp\playgroundoss-master\engine\porting\win32\debug\pfr.obj
d:\temp\playgroundoss-master\engine\porting\win32\debug\pcf.obj
d:\temp\playgroundoss-master\engine\porting\win32\debug\ftlzw.obj
d:\temp\playgroundoss-master\engine\porting\win32\debug\ftgzip.obj
d:\temp\playgroundoss-master\engine\porting\win32\debug\ftdebug.obj
d:\temp\playgroundoss-master\engine\porting\win32\debug\type1cid.obj
d:\temp\playgroundoss-master\engine\porting\win32\debug\cff.obj
d:\temp\playgroundoss-master\engine\porting\win32\debug\ftcache.obj
d:\temp\playgroundoss-master\engine\porting\win32\debug\bdf.obj
d:\temp\playgroundoss-master\engine\porting\win32\debug\ftxf86.obj
d:\temp\playgroundoss-master\engine\porting\win32\debug\ftwinfnt.obj
d:\temp\playgroundoss-master\engine\porting\win32\debug\fttype1.obj
d:\temp\playgroundoss-master\engine\porting\win32\debug\ftsystem.obj
d:\temp\playgroundoss-master\engine\porting\win32\debug\ftsynth.obj
d:\temp\playgroundoss-master\engine\porting\win32\debug\ftstroke.obj
d:\temp\playgroundoss-master\engine\porting\win32\debug\ftpfr.obj
d:\temp\playgroundoss-master\engine\porting\win32\debug\ftpatent.obj
d:\temp\playgroundoss-master\engine\porting\win32\debug\mztools.obj
d:\temp\playgroundoss-master\engine\porting\win32\debug\ioapi.obj
d:\temp\playgroundoss-master\engine\porting\win32\debug\yajl_version.obj
d:\temp\playgroundoss-master\engine\porting\win32\debug\yajl_tree.obj
d:\temp\playgroundoss-master\engine\porting\win32\debug\yajl_parser.obj
d:\temp\playgroundoss-master\engine\porting\win32\debug\yajl_lex.obj
d:\temp\playgroundoss-master\engine\porting\win32\debug\yajl_gen.obj
d:\temp\playgroundoss-master\engine\porting\win32\debug\yajl_encode.obj
d:\temp\playgroundoss-master\engine\porting\win32\debug\yajl_buf.obj
d:\temp\playgroundoss-master\engine\porting\win32\debug\yajl_alloc.obj
d:\temp\playgroundoss-master\engine\porting\win32\debug\yajl.obj
d:\temp\playgroundoss-master\engine\porting\win32\debug\msg_pack_parser.obj
d:\temp\playgroundoss-master\engine\porting\win32\debug\json_binary_parser.obj
d:\temp\playgroundoss-master\engine\porting\win32\debug\winfnt.obj
d:\temp\playgroundoss-master\engine\porting\win32\debug\type42.obj
d:\temp\playgroundoss-master\engine\porting\win32\debug\type1.obj
d:\temp\playgroundoss-master\engine\porting\win32\debug\truetype.obj
d:\temp\playgroundoss-master\engine\porting\win32\debug\smooth.obj
d:\temp\playgroundoss-master\engine\porting\win32\debug\sfnt.obj
d:\temp\playgroundoss-master\engine\porting\win32\debug\raster.obj
d:\temp\playgroundoss-master\engine\porting\win32\debug\assert.obj
d:\temp\playgroundoss-master\engine\porting\win32\debug\dirent.obj
d:\temp\playgroundoss-master\engine\porting\win32\debug\utf8.obj
d:\temp\playgroundoss-master\engine\porting\win32\debug\sqlite3.obj
d:\temp\playgroundoss-master\engine\porting\win32\debug\hash_sha1.obj
d:\temp\playgroundoss-master\engine\porting\win32\debug\unzip.obj
d:\temp\playgroundoss-master\engine\porting\win32\debug\cklbgameapplication.obj
d:\temp\playgroundoss-master\engine\porting\win32\debug\cklbdebugger.obj
d:\temp\playgroundoss-master\engine\porting\win32\debug\cklbdatahandler.obj
d:\temp\playgroundoss-master\engine\porting\win32\debug\cklbcontext.obj
d:\temp\playgroundoss-master\engine\porting\win32\debug\cklbbinarray.obj
d:\temp\playgroundoss-master\engine\porting\win32\debug\cklbasyncloader.obj
d:\temp\playgroundoss-master\engine\porting\win32\debug\cklbasyncfilecopy.obj
d:\temp\playgroundoss-master\engine\porting\win32\debug\cklbappproperty.obj
d:\temp\playgroundoss-master\engine\porting\win32\debug\texturemanagement.obj
d:\temp\playgroundoss-master\engine\porting\win32\debug\nodeanimationasset.obj
d:\temp\playgroundoss-master\engine\porting\win32\debug\compositemanagement.obj
d:\temp\playgroundoss-master\engine\porting\win32\debug\cklbtexturepacker.obj
d:\temp\playgroundoss-master\engine\porting\win32\debug\cklbpropertybag.obj
d:\temp\playgroundoss-master\engine\porting\win32\debug\cklbassetmanager.obj
d:\temp\playgroundoss-master\engine\porting\win32\debug\audioasset.obj
d:\temp\playgroundoss-master\engine\porting\win32\debug\cklbsystem.obj
d:\temp\playgroundoss-master\engine\porting\win32\debug\cklbswfplayer.obj
d:\temp\playgroundoss-master\engine\porting\win32\debug\cklbsplinenode.obj
d:\temp\playgroundoss-master\engine\porting\win32\debug\cklbscorenode.obj
d:\temp\playgroundoss-master\engine\porting\win32\debug\encryptfile.obj
d:\temp\playgroundoss-master\engine\porting\win32\debug\dictionnary.obj
d:\temp\playgroundoss-master\engine\porting\win32\debug\debugtracker.obj
d:\temp\playgroundoss-master\engine\porting\win32\debug\debugalloc.obj
d:\temp\playgroundoss-master\engine\porting\win32\debug\cpfinterface.obj
d:\temp\playgroundoss-master\engine\porting\win32\debug\cluastate.obj
d:\temp\playgroundoss-master\engine\porting\win32\debug\cklbutility.obj
d:\temp\playgroundoss-master\engine\porting\win32\debug\cklbuitask.obj
d:\temp\playgroundoss-master\engine\porting\win32\debug\cklbtexttempbuffer.obj
d:\temp\playgroundoss-master\engine\porting\win32\debug\cklbtask.obj
d:\temp\playgroundoss-master\engine\porting\win32\debug\cklbpausectrl.obj
d:\temp\playgroundoss-master\engine\porting\win32\debug\cklbobject.obj
d:\temp\playgroundoss-master\engine\porting\win32\debug\cklbluatask.obj
d:\temp\playgroundoss-master\engine\porting\win32\debug\cklbluaproptask.obj
d:\temp\playgroundoss-master\engine\porting\win32\debug\cklbluaenv.obj
d:\temp\playgroundoss-master\engine\porting\win32\debug\cklblifectrltask.obj
d:\temp\playgroundoss-master\engine\porting\win32\debug\cklblibregistrator.obj
d:\temp\playgroundoss-master\engine\porting\win32\debug\cklbintervaltimer.obj
d:\temp\playgroundoss-master\engine\porting\win32\debug\cklbgenerictask.obj
d:\temp\playgroundoss-master\engine\porting\win32\debug\cklblualibdb.obj
d:\temp\playgroundoss-master\engine\porting\win32\debug\cklblualibdata.obj
d:\temp\playgroundoss-master\engine\porting\win32\debug\cklblualibconv.obj
d:\temp\playgroundoss-master\engine\porting\win32\debug\cklblualibbin.obj
d:\temp\playgroundoss-master\engine\porting\win32\debug\cklblualibasset.obj
d:\temp\playgroundoss-master\engine\porting\win32\debug\cklblualibapp.obj
d:\temp\playgroundoss-master\engine\porting\win32\debug\cklbluaconst.obj
d:\temp\playgroundoss-master\engine\porting\win32\debug\multithreadednetwork.obj
d:\temp\playgroundoss-master\engine\porting\win32\debug\cunzip.obj
d:\temp\playgroundoss-master\engine\porting\win32\debug\cklbupdate.obj
d:\temp\playgroundoss-master\engine\porting\win32\debug\cklbstoreservice.obj
d:\temp\playgroundoss-master\engine\porting\win32\debug\cklbnetapikeychain.obj
d:\temp\playgroundoss-master\engine\porting\win32\debug\cklbnetapi.obj
d:\temp\playgroundoss-master\engine\porting\win32\debug\cklbjsonitem.obj
d:\temp\playgroundoss-master\engine\porting\win32\debug\cklbhttpinterface.obj
d:\temp\playgroundoss-master\engine\porting\win32\debug\dataset_jsondb.obj
d:\temp\playgroundoss-master\engine\porting\win32\debug\cklbluadb.obj
d:\temp\playgroundoss-master\engine\porting\win32\debug\cklblanguagedatabase.obj
d:\temp\playgroundoss-master\engine\porting\win32\debug\cklbdatabase.obj
d:\temp\playgroundoss-master\engine\porting\win32\debug\cklbsprite3d.obj
d:\temp\playgroundoss-master\engine\porting\win32\debug\cklbrenderingmanager.obj
d:\temp\playgroundoss-master\engine\porting\win32\debug\cklbcanvassprite.obj
d:\temp\playgroundoss-master\engine\porting\win32\debug\cindexbuffer.obj
d:\temp\playgroundoss-master\engine\porting\win32\debug\cimagebuffer.obj
d:\temp\playgroundoss-master\engine\porting\win32\debug\cframe.obj
d:\temp\playgroundoss-master\engine\porting\win32\debug\cbuffer.obj
d:\temp\playgroundoss-master\engine\porting\win32\debug\iluafunclib.obj
d:\temp\playgroundoss-master\engine\porting\win32\debug\cklblualibui.obj
d:\temp\playgroundoss-master\engine\porting\win32\debug\cklblualibtask.obj
d:\temp\playgroundoss-master\engine\porting\win32\debug\cklblualibsound.obj
d:\temp\playgroundoss-master\engine\porting\win32\debug\cklblualibres.obj
d:\temp\playgroundoss-master\engine\porting\win32\debug\cklblualibmatrix.obj
d:\temp\playgroundoss-master\engine\porting\win32\debug\cklblualiblang.obj
d:\temp\playgroundoss-master\engine\porting\win32\debug\cklblualibkey.obj
d:\temp\playgroundoss-master\engine\porting\win32\debug\cklblualibhash.obj
d:\temp\playgroundoss-master\engine\porting\win32\debug\cklblualibgl.obj
d:\temp\playgroundoss-master\engine\porting\win32\debug\cklblualibfont.obj
d:\temp\playgroundoss-master\engine\porting\win32\debug\cklblualibeng.obj
d:\temp\playgroundoss-master\engine\porting\win32\debug\csoundanalysismp3.obj
d:\temp\playgroundoss-master\engine\porting\win32\debug\csoundanalysis.obj
d:\temp\playgroundoss-master\engine\porting\win32\debug\cklbscriptenv_forlua.obj
d:\temp\playgroundoss-master\engine\porting\win32\debug\cklbscriptenv_forcsharp.obj
d:\temp\playgroundoss-master\engine\porting\win32\debug\cklbscriptenv_forcpp.obj
d:\temp\playgroundoss-master\engine\porting\win32\debug\cklbgctask.obj
d:\temp\playgroundoss-master\engine\porting\win32\debug\cklbnode.obj
d:\temp\playgroundoss-master\engine\porting\win32\debug\glwrapper.obj
d:\temp\playgroundoss-master\engine\porting\win32\debug\ctextureusage.obj
d:\temp\playgroundoss-master\engine\porting\win32\debug\ctexturebase.obj
d:\temp\playgroundoss-master\engine\porting\win32\debug\ctexture.obj
d:\temp\playgroundoss-master\engine\porting\win32\debug\cshadersetinstance.obj
d:\temp\playgroundoss-master\engine\porting\win32\debug\cshaderset.obj
d:\temp\playgroundoss-master\engine\porting\win32\debug\crenderingmanager_gl2.obj
d:\temp\playgroundoss-master\engine\porting\win32\debug\crenderingmanager_gl1.obj
d:\temp\playgroundoss-master\engine\porting\win32\debug\cklbdevicekeyevent.obj
d:\temp\playgroundoss-master\engine\porting\win32\debug\cklbuibutton.obj
d:\temp\playgroundoss-master\engine\porting\win32\debug\cklbuiactivityindicator.obj
d:\temp\playgroundoss-master\engine\porting\win32\debug\cklbtextinputnode.obj
d:\temp\playgroundoss-master\engine\porting\win32\debug\cklbscrollbarif.obj
d:\temp\playgroundoss-master\engine\porting\win32\debug\cklbscrmgrsolid.obj
d:\temp\playgroundoss-master\engine\porting\win32\debug\cklbscrmgrpage.obj
d:\temp\playgroundoss-master\engine\porting\win32\debug\cklbscrmgrdefault.obj
d:\temp\playgroundoss-master\engine\porting\win32\debug\cklbnodeanimpack.obj
d:\temp\playgroundoss-master\engine\porting\win32\debug\cklbmovienode.obj
d:\temp\playgroundoss-master\engine\porting\win32\debug\cklbmodalstack.obj
d:\temp\playgroundoss-master\engine\porting\win32\debug\cklblabelnode.obj
d:\temp\playgroundoss-master\engine\porting\win32\debug\cklbformif.obj
d:\temp\playgroundoss-master\engine\porting\win32\debug\cklbformgroup.obj
d:\temp\playgroundoss-master\engine\porting\win32\debug\cklbdragcallbackif.obj
d:\temp\playgroundoss-master\engine\porting\win32\debug\cklbactivityindicatornode.obj
d:\temp\playgroundoss-master\engine\porting\win32\debug\cklbtouchpad.obj
d:\temp\playgroundoss-master\engine\porting\win32\debug\cklbtoucheventui.obj
d:\temp\playgroundoss-master\engine\porting\win32\debug\cklbosctrlevent.obj
d:\temp\playgroundoss-master\engine\porting\win32\debug\cklbluascript.obj
d:\temp\playgroundoss-master\engine\porting\win32\debug\cklbuisimpleitem.obj
d:\temp\playgroundoss-master\engine\porting\win32\debug\cklbuiscrollbar.obj
d:\temp\playgroundoss-master\engine\porting\win32\debug\cklbuiscore.obj
d:\temp\playgroundoss-master\engine\porting\win32\debug\cklbuiscale9.obj
d:\temp\playgroundoss-master\engine\porting\win32\debug\cklbuirubberband.obj
d:\temp\playgroundoss-master\engine\porting\win32\debug\cklbuiprogressbar.obj
d:\temp\playgroundoss-master\engine\porting\win32\debug\cklbuipolyline.obj
d:\temp\playgroundoss-master\engine\porting\win32\debug\cklbuipiechart.obj
d:\temp\playgroundoss-master\engine\porting\win32\debug\cklbuimultiimgitem.obj
d:\temp\playgroundoss-master\engine\porting\win32\debug\cklbuimovieplayer.obj
d:\temp\playgroundoss-master\engine\porting\win32\debug\cklbuilist.obj
d:\temp\playgroundoss-master\engine\porting\win32\debug\cklbuilabel.obj
d:\temp\playgroundoss-master\engine\porting\win32\debug\cklbuigroup.obj
d:\temp\playgroundoss-master\engine\porting\win32\debug\cklbuifreevertitem.obj
d:\temp\playgroundoss-master\engine\porting\win32\debug\cklbuiform.obj
d:\temp\playgroundoss-master\engine\porting\win32\debug\cklbuidragicon.obj
d:\temp\playgroundoss-master\engine\porting\win32\debug\cklbuidebugitem.obj
d:\temp\playgroundoss-master\engine\porting\win32\debug\cklbuicontrol.obj
d:\temp\playgroundoss-master\engine\porting\win32\debug\cwin32pathconv.obj
d:\temp\playgroundoss-master\engine\porting\win32\debug\cwin32mp3.obj
d:\temp\playgroundoss-master\engine\porting\win32\debug\cwin32keychain.obj
d:\temp\playgroundoss-master\engine\porting\win32\debug\cwin32httpstream.obj
d:\temp\playgroundoss-master\engine\porting\win32\debug\cwin32audio.obj
d:\temp\playgroundoss-master\engine\porting\win32\debug\csockwritestream.obj
d:\temp\playgroundoss-master\engine\porting\win32\debug\csockreadstream.obj
d:\temp\playgroundoss-master\engine\porting\win32\debug\gamelibrarywin32.obj
d:\temp\playgroundoss-master\engine\porting\win32\debug\enginestdreferenceoss.obj
d:\temp\playgroundoss-master\engine\porting\win32\debug\fontrendering.obj
d:\temp\playgroundoss-master\engine\porting\win32\debug\filedelete.obj
d:\temp\playgroundoss-master\engine\porting\win32\debug\imgrentry.obj
d:\temp\playgroundoss-master\engine\porting\win32\debug\cklbwebviewnode.obj
d:\temp\playgroundoss-master\engine\porting\win32\debug\cklbuiwebarea.obj
d:\temp\playgroundoss-master\engine\porting\win32\debug\cklbuivirtualdoc.obj
d:\temp\playgroundoss-master\engine\porting\win32\debug\cklbuivariableitem.obj
d:\temp\playgroundoss-master\engine\porting\win32\debug\cklbuitouchpad.obj
d:\temp\playgroundoss-master\engine\porting\win32\debug\cklbuitextinput.obj
d:\temp\playgroundoss-master\engine\porting\win32\debug\cklbuisystem.obj
d:\temp\playgroundoss-master\engine\porting\win32\debug\cwin32writefilestream.obj
d:\temp\playgroundoss-master\engine\porting\win32\debug\cwin32widget.obj
d:\temp\playgroundoss-master\engine\porting\win32\debug\cwin32tmpfile.obj
d:\temp\playgroundoss-master\engine\porting\win32\debug\cwin32readfilestream.obj
d:\temp\playgroundoss-master\engine\porting\win32\debug\cwin32platform.obj
d:\temp\playgroundoss-master\engine\porting\win32\debug\cklbuicanvas.obj
d:\temp\playgroundoss-master\engine\porting\win32\debug\ossgamel.fba57d95.tlog\cl.command.1.tlog
d:\temp\playgroundoss-master\engine\porting\win32\debug\ossgamel.fba57d95.tlog\cl.read.1.tlog
d:\temp\playgroundoss-master\engine\porting\win32\debug\ossgamel.fba57d95.tlog\cl.write.1.tlog
