  pch.cpp
  dllmain.cpp
  Animation.cpp
  AnimationState.cpp
  AnimationStateData.cpp
  Atlas.cpp
  AtlasAttachmentLoader.cpp
  Attachment.cpp
  AttachmentLoader.cpp
  AttachmentTimeline.cpp
  Bone.cpp
  BoneData.cpp
  BoundingBoxAttachment.cpp
  ClippingAttachment.cpp
  ColorTimeline.cpp
  ConstraintData.cpp
  CurveTimeline.cpp
  DeformTimeline.cpp
  DrawOrderTimeline.cpp
  Event.cpp
  EventData.cpp
  正在生成代码...
  正在编译...
  EventTimeline.cpp
  Extension.cpp
  IkConstraint.cpp
  IkConstraintData.cpp
  IkConstraintTimeline.cpp
d:\temp\playgroundoss-master\engine\porting\spine\spine-cpp\src\spine\ikconstrainttimeline.cpp(168): warning C4244: “=”: 从“int”转换到“T”，可能丢失数据
          with
          [
              T=float
          ]
d:\temp\playgroundoss-master\engine\porting\spine\spine-cpp\src\spine\ikconstrainttimeline.cpp(169): warning C4244: “=”: 从“int”转换到“T”，可能丢失数据
          with
          [
              T=float
          ]
  Json.cpp
  LinkedMesh.cpp
  MathUtil.cpp
  MeshAttachment.cpp
  PathAttachment.cpp
  PathConstraint.cpp
  PathConstraintData.cpp
  PathConstraintMixTimeline.cpp
  PathConstraintPositionTimeline.cpp
  PathConstraintSpacingTimeline.cpp
  PointAttachment.cpp
  RegionAttachment.cpp
  RotateTimeline.cpp
  RTTI.cpp
  ScaleTimeline.cpp
  正在生成代码...
  正在编译...
  ShearTimeline.cpp
  Skeleton.cpp
  SkeletonBinary.cpp
  SkeletonBounds.cpp
  SkeletonClipping.cpp
  SkeletonData.cpp
  SkeletonJson.cpp
  Skin.cpp
  Slot.cpp
  SlotData.cpp
  SpineObject.cpp
  TextureLoader.cpp
  Timeline.cpp
  TransformConstraint.cpp
  TransformConstraintData.cpp
  TransformConstraintTimeline.cpp
  TranslateTimeline.cpp
  Triangulator.cpp
  TwoColorTimeline.cpp
  Updatable.cpp
  正在生成代码...
  正在编译...
  VertexAttachment.cpp
  VertexEffect.cpp
  spine.cpp
  正在生成代码...
  spine.vcxproj -> D:\Temp\PlaygroundOSS-master\Engine\porting\Win32\Debug\spine.dll
