d:\temp\playgroundoss-master\engine\porting\spine\debug\spine.pch
d:\temp\playgroundoss-master\engine\porting\spine\debug\spine.pdb
d:\temp\playgroundoss-master\engine\porting\spine\debug\spine.idb
d:\temp\playgroundoss-master\engine\porting\spine\debug\pch.obj
d:\temp\playgroundoss-master\engine\porting\spine\debug\eventdata.obj
d:\temp\playgroundoss-master\engine\porting\spine\debug\event.obj
d:\temp\playgroundoss-master\engine\porting\spine\debug\drawordertimeline.obj
d:\temp\playgroundoss-master\engine\porting\spine\debug\deformtimeline.obj
d:\temp\playgroundoss-master\engine\porting\spine\debug\curvetimeline.obj
d:\temp\playgroundoss-master\engine\porting\spine\debug\constraintdata.obj
d:\temp\playgroundoss-master\engine\porting\spine\debug\colortimeline.obj
d:\temp\playgroundoss-master\engine\porting\spine\debug\clippingattachment.obj
d:\temp\playgroundoss-master\engine\porting\spine\debug\boundingboxattachment.obj
d:\temp\playgroundoss-master\engine\porting\spine\debug\bonedata.obj
d:\temp\playgroundoss-master\engine\porting\spine\debug\bone.obj
d:\temp\playgroundoss-master\engine\porting\spine\debug\attachmenttimeline.obj
d:\temp\playgroundoss-master\engine\porting\spine\debug\attachmentloader.obj
d:\temp\playgroundoss-master\engine\porting\spine\debug\attachment.obj
d:\temp\playgroundoss-master\engine\porting\spine\debug\atlasattachmentloader.obj
d:\temp\playgroundoss-master\engine\porting\spine\debug\atlas.obj
d:\temp\playgroundoss-master\engine\porting\spine\debug\animationstatedata.obj
d:\temp\playgroundoss-master\engine\porting\spine\debug\animationstate.obj
d:\temp\playgroundoss-master\engine\porting\spine\debug\animation.obj
d:\temp\playgroundoss-master\engine\porting\spine\debug\dllmain.obj
d:\temp\playgroundoss-master\engine\porting\spine\debug\scaletimeline.obj
d:\temp\playgroundoss-master\engine\porting\spine\debug\rtti.obj
d:\temp\playgroundoss-master\engine\porting\spine\debug\rotatetimeline.obj
d:\temp\playgroundoss-master\engine\porting\spine\debug\regionattachment.obj
d:\temp\playgroundoss-master\engine\porting\spine\debug\pointattachment.obj
d:\temp\playgroundoss-master\engine\porting\spine\debug\pathconstraintspacingtimeline.obj
d:\temp\playgroundoss-master\engine\porting\spine\debug\pathconstraintpositiontimeline.obj
d:\temp\playgroundoss-master\engine\porting\spine\debug\pathconstraintmixtimeline.obj
d:\temp\playgroundoss-master\engine\porting\spine\debug\pathconstraintdata.obj
d:\temp\playgroundoss-master\engine\porting\spine\debug\pathconstraint.obj
d:\temp\playgroundoss-master\engine\porting\spine\debug\pathattachment.obj
d:\temp\playgroundoss-master\engine\porting\spine\debug\meshattachment.obj
d:\temp\playgroundoss-master\engine\porting\spine\debug\mathutil.obj
d:\temp\playgroundoss-master\engine\porting\spine\debug\linkedmesh.obj
d:\temp\playgroundoss-master\engine\porting\spine\debug\json.obj
d:\temp\playgroundoss-master\engine\porting\spine\debug\ikconstrainttimeline.obj
d:\temp\playgroundoss-master\engine\porting\spine\debug\ikconstraintdata.obj
d:\temp\playgroundoss-master\engine\porting\spine\debug\ikconstraint.obj
d:\temp\playgroundoss-master\engine\porting\spine\debug\extension.obj
d:\temp\playgroundoss-master\engine\porting\spine\debug\eventtimeline.obj
d:\temp\playgroundoss-master\engine\porting\spine\debug\updatable.obj
d:\temp\playgroundoss-master\engine\porting\spine\debug\twocolortimeline.obj
d:\temp\playgroundoss-master\engine\porting\spine\debug\triangulator.obj
d:\temp\playgroundoss-master\engine\porting\spine\debug\translatetimeline.obj
d:\temp\playgroundoss-master\engine\porting\spine\debug\transformconstrainttimeline.obj
d:\temp\playgroundoss-master\engine\porting\spine\debug\transformconstraintdata.obj
d:\temp\playgroundoss-master\engine\porting\spine\debug\transformconstraint.obj
d:\temp\playgroundoss-master\engine\porting\spine\debug\timeline.obj
d:\temp\playgroundoss-master\engine\porting\spine\debug\textureloader.obj
d:\temp\playgroundoss-master\engine\porting\spine\debug\spineobject.obj
d:\temp\playgroundoss-master\engine\porting\spine\debug\slotdata.obj
d:\temp\playgroundoss-master\engine\porting\spine\debug\slot.obj
d:\temp\playgroundoss-master\engine\porting\spine\debug\skin.obj
d:\temp\playgroundoss-master\engine\porting\spine\debug\skeletonjson.obj
d:\temp\playgroundoss-master\engine\porting\spine\debug\skeletondata.obj
d:\temp\playgroundoss-master\engine\porting\spine\debug\skeletonclipping.obj
d:\temp\playgroundoss-master\engine\porting\spine\debug\skeletonbounds.obj
d:\temp\playgroundoss-master\engine\porting\spine\debug\skeletonbinary.obj
d:\temp\playgroundoss-master\engine\porting\spine\debug\skeleton.obj
d:\temp\playgroundoss-master\engine\porting\spine\debug\sheartimeline.obj
d:\temp\playgroundoss-master\engine\porting\spine\debug\spine.obj
d:\temp\playgroundoss-master\engine\porting\spine\debug\vertexeffect.obj
d:\temp\playgroundoss-master\engine\porting\spine\debug\vertexattachment.obj
d:\temp\playgroundoss-master\engine\porting\win32\debug\spine.lib
d:\temp\playgroundoss-master\engine\porting\win32\debug\spine.pdb
d:\temp\playgroundoss-master\engine\porting\spine\debug\spine.tlog\cl.command.1.tlog
d:\temp\playgroundoss-master\engine\porting\spine\debug\spine.tlog\cl.read.1.tlog
d:\temp\playgroundoss-master\engine\porting\spine\debug\spine.tlog\cl.write.1.tlog
d:\temp\playgroundoss-master\engine\porting\spine\debug\spine.tlog\lib-link.read.1.tlog
d:\temp\playgroundoss-master\engine\porting\spine\debug\spine.tlog\lib-link.write.1.tlog
d:\temp\playgroundoss-master\engine\porting\spine\debug\spine.tlog\lib.command.1.tlog
